Determining if the pthread_create exist failed with the following output:
Change Dir: /home/baxter/BaxterMovementTest/catkin_ws/build/CMakeFiles/CMakeTmp

Run Build Command:/usr/bin/make "cmTryCompileExec1767724657/fast"
/usr/bin/make -f CMakeFiles/cmTryCompileExec1767724657.dir/build.make CMakeFiles/cmTryCompileExec1767724657.dir/build
make[1]: Entering directory `/home/baxter/BaxterMovementTest/catkin_ws/build/CMakeFiles/CMakeTmp'
/usr/bin/cmake -E cmake_progress_report /home/baxter/BaxterMovementTest/catkin_ws/build/CMakeFiles/CMakeTmp/CMakeFiles 1
Building C object CMakeFiles/cmTryCompileExec1767724657.dir/CheckSymbolExists.c.o
/usr/bin/cc    -o CMakeFiles/cmTryCompileExec1767724657.dir/CheckSymbolExists.c.o   -c /home/baxter/BaxterMovementTest/catkin_ws/build/CMakeFiles/CMakeTmp/CheckSymbolExists.c
Linking C executable cmTryCompileExec1767724657
/usr/bin/cmake -E cmake_link_script CMakeFiles/cmTryCompileExec1767724657.dir/link.txt --verbose=1
/usr/bin/cc       CMakeFiles/cmTryCompileExec1767724657.dir/CheckSymbolExists.c.o  -o cmTryCompileExec1767724657 -rdynamic 
CMakeFiles/cmTryCompileExec1767724657.dir/CheckSymbolExists.c.o: In function `main':
CheckSymbolExists.c:(.text+0x16): undefined reference to `pthread_create'
collect2: error: ld returned 1 exit status
make[1]: *** [cmTryCompileExec1767724657] Error 1
make[1]: Leaving directory `/home/baxter/BaxterMovementTest/catkin_ws/build/CMakeFiles/CMakeTmp'
make: *** [cmTryCompileExec1767724657/fast] Error 2

File /home/baxter/BaxterMovementTest/catkin_ws/build/CMakeFiles/CMakeTmp/CheckSymbolExists.c:
/* */
#include <pthread.h>

int main(int argc, char** argv)
{
  (void)argv;
#ifndef pthread_create
  return ((int*)(&pthread_create))[argc];
#else
  (void)argc;
  return 0;
#endif
}

Determining if the function pthread_create exists in the pthreads failed with the following output:
Change Dir: /home/baxter/BaxterMovementTest/catkin_ws/build/CMakeFiles/CMakeTmp

Run Build Command:/usr/bin/make "cmTryCompileExec3743143975/fast"
/usr/bin/make -f CMakeFiles/cmTryCompileExec3743143975.dir/build.make CMakeFiles/cmTryCompileExec3743143975.dir/build
make[1]: Entering directory `/home/baxter/BaxterMovementTest/catkin_ws/build/CMakeFiles/CMakeTmp'
/usr/bin/cmake -E cmake_progress_report /home/baxter/BaxterMovementTest/catkin_ws/build/CMakeFiles/CMakeTmp/CMakeFiles 1
Building C object CMakeFiles/cmTryCompileExec3743143975.dir/CheckFunctionExists.c.o
/usr/bin/cc   -DCHECK_FUNCTION_EXISTS=pthread_create   -o CMakeFiles/cmTryCompileExec3743143975.dir/CheckFunctionExists.c.o   -c /usr/share/cmake-2.8/Modules/CheckFunctionExists.c
Linking C executable cmTryCompileExec3743143975
/usr/bin/cmake -E cmake_link_script CMakeFiles/cmTryCompileExec3743143975.dir/link.txt --verbose=1
/usr/bin/cc   -DCHECK_FUNCTION_EXISTS=pthread_create    CMakeFiles/cmTryCompileExec3743143975.dir/CheckFunctionExists.c.o  -o cmTryCompileExec3743143975 -rdynamic -lpthreads 
/usr/bin/ld: cannot find -lpthreads
collect2: error: ld returned 1 exit status
make[1]: *** [cmTryCompileExec3743143975] Error 1
make[1]: Leaving directory `/home/baxter/BaxterMovementTest/catkin_ws/build/CMakeFiles/CMakeTmp'
make: *** [cmTryCompileExec3743143975/fast] Error 2


